<?xml version="1.0" encoding="UTF-8"?>
<!-- Generated by org.testng.reporters.JUnitXMLReporter -->
<testsuite ignored="0" hostname="TYSS-Praveen" failures="0" tests="13" name="Regression Test" time="38.883" errors="0" timestamp="2023-06-15T17:00:28 IST">
  <testcase classname="testcases.DWS_Books_DisplayTC" name="books" time="1.723"/>
  <testcase classname="testcases.DWS_Books_DisplayTC" name="books" time="0.603"/>
  <testcase classname="testcases.DWS_Books_DisplayTC" name="books" time="1.182"/>
  <testcase classname="testcases.DWS_ComputersTC" name="mouseHover" time="0.89"/>
  <testcase classname="testcases.DWS_CommunityPollTC" name="vote" time="0.071"/>
  <testcase classname="testcases.DWS_SubscribeTC" name="subscribe" time="0.136"/>
  <testcase classname="testcases.DWS_SubscribeTC" name="subscribe" time="0.116"/>
  <testcase classname="testcases.DWS_SearchTC" name="search" time="0.966"/>
  <testcase classname="testcases.DWS_SearchTC" name="search" time="0.688"/>
  <testcase classname="testcases.DWS_SearchTC" name="search" time="0.824"/>
  <testcase classname="testcases.DWS_Computers_SortbyTC" name="mouseHover" time="1.475"/>
  <testcase classname="testcases.DWS_Computers_SortbyTC" name="mouseHover" time="0.87"/>
  <testcase classname="testcases.DWS_BooksTC" name="books" time="0.942"/>
</testsuite> <!-- Regression Test -->
